<?xml version="1.0" encoding="UTF-8"?>
<testng-results skipped="0" failed="0" ignored="0" total="1" passed="1">
  <reporter-output>
  </reporter-output>
  <suite name="Suite" duration-ms="14668" started-at="2021-04-28T20:33:18 IST" finished-at="2021-04-28T20:33:33 IST">
    <groups>
    </groups>
    <test name="Test" duration-ms="14668" started-at="2021-04-28T20:33:18 IST" finished-at="2021-04-28T20:33:33 IST">
      <class name="testsuite.LoginTest">
        <test-method status="PASS" signature="setup()[pri:0, instance:testsuite.LoginTest@64bf3bbf]" name="setup" is-config="true" duration-ms="5147" started-at="2021-04-28T20:33:18 IST" finished-at="2021-04-28T20:33:23 IST">
          <reporter-output>
          </reporter-output>
        </test-method> <!-- setup -->
        <test-method status="PASS" signature="login(java.lang.String, java.lang.String)[pri:0, instance:testsuite.LoginTest@64bf3bbf]" name="login" duration-ms="9449" started-at="2021-04-28T20:33:23 IST" finished-at="2021-04-28T20:33:33 IST">
          <params>
            <param index="0">
              <value>
                <![CDATA[abc@xyz.com]]>
              </value>
            </param>
            <param index="1">
              <value>
                <![CDATA[abc123]]>
              </value>
            </param>
          </params>
          <reporter-output>
          </reporter-output>
        </test-method> <!-- login -->
        <test-method status="PASS" signature="teardown()[pri:0, instance:testsuite.LoginTest@64bf3bbf]" name="teardown" is-config="true" duration-ms="0" started-at="2021-04-28T20:33:33 IST" finished-at="2021-04-28T20:33:33 IST">
          <reporter-output>
          </reporter-output>
        </test-method> <!-- teardown -->
      </class> <!-- testsuite.LoginTest -->
    </test> <!-- Test -->
  </suite> <!-- Suite -->
</testng-results>
